<?xml version="1.0" encoding="UTF-8"?>
<!-- Generated by org.testng.reporters.JUnitReportReporter -->
<testsuite hostname="LAPTOP-IH6E9MU2" failures="0" tests="1" name="com.orangehrm.TestCases.loginTestPages" time="0.018" errors="0" timestamp="08 Jan 2020 06:40:01 GMT" skipped="0">
  <testcase classname="com.orangehrm.TestCases.loginTestPages" name="verifyTitleTest" time="0.018"/>
</testsuite> <!-- com.orangehrm.TestCases.loginTestPages -->
